<?xml version="1.0" encoding="UTF-8"?>
<testng-results skipped="0" failed="0" ignored="0" total="1" passed="1">
  <reporter-output>
  </reporter-output>
  <suite name="Default suite" duration-ms="12150" started-at="2020-08-26T17:38:04 CDT" finished-at="2020-08-26T17:38:17 CDT">
    <groups>
    </groups>
    <test name="Default test" duration-ms="12150" started-at="2020-08-26T17:38:04 CDT" finished-at="2020-08-26T17:38:17 CDT">
      <class name="Test.Add_categoryTest">
        <test-method status="PASS" signature="UserShoubAbleToAddCategory()[pri:0, instance:Test.Add_categoryTest@6321e813]" name="UserShoubAbleToAddCategory" duration-ms="12106" started-at="2020-08-26T17:38:04 CDT" finished-at="2020-08-26T17:38:17 CDT">
          <reporter-output>
          </reporter-output>
        </test-method> <!-- UserShoubAbleToAddCategory -->
      </class> <!-- Test.Add_categoryTest -->
    </test> <!-- Default test -->
  </suite> <!-- Default suite -->
</testng-results>
